[2023-07-28 22:35:50.846] [info] Using configuration file /home/zangleik/.config/waybar/config
[2023-07-28 22:35:50.846] [info] Using CSS file /home/zangleik/.config/waybar/style.css
[2023-07-28 22:35:50.859] [error] media stopped unexpectedly, is it endless?
[2023-07-28 22:35:50.859] [warning] module backlight: Disabling module "backlight", No backlight found
[2023-07-28 22:35:50.860] [warning] No batteries.
[2023-07-28 22:35:50.861] [error] findCurController() failed: no bluetooth controller found
sh: line 1: swaync-client: command not found
[2023-07-28 22:35:50.923] [error] notification stopped unexpectedly, is it endless?

(waybar:103907): GLib-GObject-CRITICAL **: 22:35:50.945: ../glib/gobject/gsignal.c:2088: type 'GtkWindow' is already overridden for signal id '73'

(waybar:103907): GLib-GObject-CRITICAL **: 22:35:50.945: ../glib/gobject/gsignal.c:2088: type 'GtkWindow' is already overridden for signal id '72'
[2023-07-28 22:35:50.952] [warning] module backlight: Disabling module "backlight", No backlight found
[2023-07-28 22:35:50.952] [warning] No batteries.
[2023-07-28 22:35:50.953] [error] findCurController() failed: no bluetooth controller found
[2023-07-28 22:35:50.959] [error] media stopped unexpectedly, is it endless?
sh: line 1: swaync-client: command not found
[2023-07-28 22:35:50.959] [error] notification stopped unexpectedly, is it endless?

** (waybar:103907): WARNING **: 22:35:50.979: Status Notifier Item with bus name ':1.7' and object path '/org/ayatana/NotificationItem/nm_applet' is already registered
[2023-07-28 22:35:50.992] [warning] Requested height: 20 is less than the minimum height: 50 required by the modules
[2023-07-28 22:35:50.992] [info] Bar configured (width: 1920, height: 50) for output: DP-3
[2023-07-28 22:35:50.992] [error] Item '': No icon name or pixmap given.
[2023-07-28 22:35:51.004] [error] Item '': No icon name or pixmap given.
[2023-07-28 22:35:51.015] [warning] Requested height: 20 is less than the minimum height: 50 required by the modules
[2023-07-28 22:35:51.015] [info] Bar configured (width: 1920, height: 50) for output: HDMI-A-1
[2023-07-28 22:35:51.015] [error] Item '': No icon name or pixmap given.

** (waybar:103907): WARNING **: 22:35:51.024: Status Notifier Item with bus name ':1.7' and object path '/org/ayatana/NotificationItem/nm_applet' is already registered
sh: line 1: blueman-manager: command not found
sh: line 1: blueman-manager: command not found
/home/zangleik/.config/waybar/launcher/launcher.sh: line 17: rofi: command not found
/home/zangleik/.config/waybar/powermenu/powermenu.sh: line 33: rofi: command not found
ok
ok
[2023-07-28 23:03:56.850] [info] Using configuration file /home/zangleik/.config/waybar/config.jsonc
[2023-07-28 23:03:56.858] [info] Using CSS file /home/zangleik/.config/waybar/style.css
[2023-07-28 23:03:56.873] [error] media stopped unexpectedly, is it endless?
sh: line 1: swaync-client: command not found
[2023-07-28 23:03:56.879] [error] notification stopped unexpectedly, is it endless?

(waybar:107685): GLib-GObject-CRITICAL **: 23:03:56.893: ../glib/gobject/gsignal.c:2088: type 'GtkWindow' is already overridden for signal id '73'

(waybar:107685): GLib-GObject-CRITICAL **: 23:03:56.893: ../glib/gobject/gsignal.c:2088: type 'GtkWindow' is already overridden for signal id '72'
[2023-07-28 23:03:56.922] [error] media stopped unexpectedly, is it endless?
sh: line 1: swaync-client: command not found
[2023-07-28 23:03:56.925] [error] notification stopped unexpectedly, is it endless?

** (waybar:107685): WARNING **: 23:03:57.141: Status Notifier Item with bus name ':1.7' and object path '/org/ayatana/NotificationItem/nm_applet' is already registered
[2023-07-28 23:03:57.172] [warning] Requested height: 20 is less than the minimum height: 50 required by the modules
[2023-07-28 23:03:57.172] [info] Bar configured (width: 1920, height: 50) for output: DP-3
[2023-07-28 23:03:57.173] [warning] Requested height: 20 is less than the minimum height: 50 required by the modules
[2023-07-28 23:03:57.173] [info] Bar configured (width: 1920, height: 50) for output: HDMI-A-1
[2023-07-28 23:04:14.647] [info] Quitting.
[2023-07-28 23:07:16.999] [info] Using configuration file /home/zangleik/.config/waybar/config.jsonc
[2023-07-28 23:07:16.999] [info] Using CSS file /home/zangleik/.config/waybar/style.css
[2023-07-28 23:07:17.012] [error] media stopped unexpectedly, is it endless?
sh: line 1: swaync-client: command not found
[2023-07-28 23:07:17.018] [error] notification stopped unexpectedly, is it endless?

(waybar:108413): GLib-GObject-CRITICAL **: 23:07:17.032: ../glib/gobject/gsignal.c:2088: type 'GtkWindow' is already overridden for signal id '73'

(waybar:108413): GLib-GObject-CRITICAL **: 23:07:17.032: ../glib/gobject/gsignal.c:2088: type 'GtkWindow' is already overridden for signal id '72'
[2023-07-28 23:07:17.041] [error] media stopped unexpectedly, is it endless?
sh: line 1: swaync-client: command not found
[2023-07-28 23:07:17.044] [error] notification stopped unexpectedly, is it endless?

** (waybar:108413): WARNING **: 23:07:17.268: Status Notifier Item with bus name ':1.7' and object path '/org/ayatana/NotificationItem/nm_applet' is already registered
[2023-07-28 23:07:17.307] [warning] Requested height: 20 is less than the minimum height: 50 required by the modules
[2023-07-28 23:07:17.307] [info] Bar configured (width: 1920, height: 50) for output: DP-3
[2023-07-28 23:07:17.307] [warning] Requested height: 20 is less than the minimum height: 50 required by the modules
[2023-07-28 23:07:17.307] [info] Bar configured (width: 1920, height: 50) for output: HDMI-A-1
ok
ok
ok
sh: line 1: activate: command not found
